2023-12-20 10:43:55.014  DEBUG [main] i.n.u.i.l.InternalLoggerFactory - Using SLF4J as the default logging framework
2023-12-20 10:43:55.018  DEBUG [main] i.n.c.MultithreadEventLoopGroup - -Dio.netty.eventLoopThreads: 24
2023-12-20 10:43:55.031  DEBUG [main] i.n.u.i.InternalThreadLocalMap - -Dio.netty.threadLocalMap.stringBuilder.initialSize: 1024
2023-12-20 10:43:55.031  DEBUG [main] i.n.u.i.InternalThreadLocalMap - -Dio.netty.threadLocalMap.stringBuilder.maxSize: 4096
2023-12-20 10:43:55.038  DEBUG [main] i.n.c.n.NioEventLoop - -Dio.netty.noKeySetOptimization: false
2023-12-20 10:43:55.039  DEBUG [main] i.n.c.n.NioEventLoop - -Dio.netty.selectorAutoRebuildThreshold: 512
2023-12-20 10:43:55.051  DEBUG [main] i.n.u.i.PlatformDependent - Platform: Windows
2023-12-20 10:43:55.054  DEBUG [main] i.n.u.i.PlatformDependent0 - -Dio.netty.noUnsafe: false
2023-12-20 10:43:55.055  DEBUG [main] i.n.u.i.PlatformDependent0 - Java version: 8
2023-12-20 10:43:55.056  DEBUG [main] i.n.u.i.PlatformDependent0 - sun.misc.Unsafe.theUnsafe: available
2023-12-20 10:43:55.057  DEBUG [main] i.n.u.i.PlatformDependent0 - sun.misc.Unsafe.copyMemory: available
2023-12-20 10:43:55.058  DEBUG [main] i.n.u.i.PlatformDependent0 - java.nio.Buffer.address: available
2023-12-20 10:43:55.058  DEBUG [main] i.n.u.i.PlatformDependent0 - direct buffer constructor: available
2023-12-20 10:43:55.059  DEBUG [main] i.n.u.i.PlatformDependent0 - java.nio.Bits.unaligned: available, true
2023-12-20 10:43:55.059  DEBUG [main] i.n.u.i.PlatformDependent0 - jdk.internal.misc.Unsafe.allocateUninitializedArray(int): unavailable prior to Java9
2023-12-20 10:43:55.059  DEBUG [main] i.n.u.i.PlatformDependent0 - java.nio.DirectByteBuffer.<init>(long, int): available
2023-12-20 10:43:55.060  DEBUG [main] i.n.u.i.PlatformDependent - sun.misc.Unsafe: available
2023-12-20 10:43:55.060  DEBUG [main] i.n.u.i.PlatformDependent - -Dio.netty.tmpdir: C:\Users\HOWARD~1\AppData\Local\Temp (java.io.tmpdir)
2023-12-20 10:43:55.060  DEBUG [main] i.n.u.i.PlatformDependent - -Dio.netty.bitMode: 64 (sun.arch.data.model)
2023-12-20 10:43:55.062  DEBUG [main] i.n.u.i.PlatformDependent - -Dio.netty.maxDirectMemory: 7616856064 bytes
2023-12-20 10:43:55.062  DEBUG [main] i.n.u.i.PlatformDependent - -Dio.netty.uninitializedArrayAllocationThreshold: -1
2023-12-20 10:43:55.063  DEBUG [main] i.n.u.i.CleanerJava6 - java.nio.ByteBuffer.cleaner(): available
2023-12-20 10:43:55.063  DEBUG [main] i.n.u.i.PlatformDependent - -Dio.netty.noPreferDirect: false
2023-12-20 10:43:55.070  DEBUG [main] i.n.u.i.PlatformDependent - org.jctools-core.MpscChunkedArrayQueue: available
2023-12-20 10:43:55.466  DEBUG [main] i.n.c.DefaultChannelId - -Dio.netty.processId: 6436 (auto-detected)
2023-12-20 10:43:55.468  DEBUG [main] i.n.u.NetUtil - -Djava.net.preferIPv4Stack: false
2023-12-20 10:43:55.469  DEBUG [main] i.n.u.NetUtil - -Djava.net.preferIPv6Addresses: false
2023-12-20 10:43:55.720  DEBUG [main] i.n.u.NetUtil - Loopback interface: lo (Software Loopback Interface 1, 127.0.0.1)
2023-12-20 10:43:55.720  DEBUG [main] i.n.u.NetUtil - Failed to get SOMAXCONN from sysctl and file \proc\sys\net\core\somaxconn. Default: 200
2023-12-20 10:43:55.957  DEBUG [main] i.n.c.DefaultChannelId - -Dio.netty.machineId: 50:e0:85:ff:fe:a6:e4:65 (auto-detected)
2023-12-20 10:43:55.965  DEBUG [main] i.n.u.ResourceLeakDetector - -Dio.netty.leakDetection.level: simple
2023-12-20 10:43:55.968  DEBUG [main] i.n.u.ResourceLeakDetector - -Dio.netty.leakDetection.targetRecords: 4
2023-12-20 10:43:55.987  DEBUG [main] i.n.b.PooledByteBufAllocator - -Dio.netty.allocator.numHeapArenas: 24
2023-12-20 10:43:55.987  DEBUG [main] i.n.b.PooledByteBufAllocator - -Dio.netty.allocator.numDirectArenas: 24
2023-12-20 10:43:55.987  DEBUG [main] i.n.b.PooledByteBufAllocator - -Dio.netty.allocator.pageSize: 8192
2023-12-20 10:43:55.987  DEBUG [main] i.n.b.PooledByteBufAllocator - -Dio.netty.allocator.maxOrder: 11
2023-12-20 10:43:55.988  DEBUG [main] i.n.b.PooledByteBufAllocator - -Dio.netty.allocator.chunkSize: 16777216
2023-12-20 10:43:55.988  DEBUG [main] i.n.b.PooledByteBufAllocator - -Dio.netty.allocator.tinyCacheSize: 512
2023-12-20 10:43:55.988  DEBUG [main] i.n.b.PooledByteBufAllocator - -Dio.netty.allocator.smallCacheSize: 256
2023-12-20 10:43:55.988  DEBUG [main] i.n.b.PooledByteBufAllocator - -Dio.netty.allocator.normalCacheSize: 64
2023-12-20 10:43:55.988  DEBUG [main] i.n.b.PooledByteBufAllocator - -Dio.netty.allocator.maxCachedBufferCapacity: 32768
2023-12-20 10:43:55.988  DEBUG [main] i.n.b.PooledByteBufAllocator - -Dio.netty.allocator.cacheTrimInterval: 8192
2023-12-20 10:43:55.988  DEBUG [main] i.n.b.PooledByteBufAllocator - -Dio.netty.allocator.cacheTrimIntervalMillis: 0
2023-12-20 10:43:55.988  DEBUG [main] i.n.b.PooledByteBufAllocator - -Dio.netty.allocator.useCacheForAllThreads: true
2023-12-20 10:43:55.989  DEBUG [main] i.n.b.PooledByteBufAllocator - -Dio.netty.allocator.maxCachedByteBuffersPerChunk: 1023
2023-12-20 10:43:55.995  DEBUG [main] i.n.b.ByteBufUtil - -Dio.netty.allocator.type: pooled
2023-12-20 10:43:55.995  DEBUG [main] i.n.b.ByteBufUtil - -Dio.netty.threadLocalDirectBufferSize: 0
2023-12-20 10:43:55.995  DEBUG [main] i.n.b.ByteBufUtil - -Dio.netty.maxThreadLocalCharBufferSize: 16384
2023-12-20 16:45:38.658  DEBUG [main] i.n.u.i.l.InternalLoggerFactory - Using SLF4J as the default logging framework
2023-12-20 16:45:38.663  DEBUG [main] i.n.c.MultithreadEventLoopGroup - -Dio.netty.eventLoopThreads: 24
2023-12-20 16:48:30.515  DEBUG [main] i.n.u.i.l.InternalLoggerFactory - Using SLF4J as the default logging framework
2023-12-20 16:48:30.520  DEBUG [main] i.n.c.MultithreadEventLoopGroup - -Dio.netty.eventLoopThreads: 24
2023-12-20 16:56:47.547  DEBUG [main] i.n.u.i.l.InternalLoggerFactory - Using SLF4J as the default logging framework
2023-12-20 16:56:47.554  DEBUG [main] i.n.c.MultithreadEventLoopGroup - -Dio.netty.eventLoopThreads: 24
2023-12-20 17:08:59.738  DEBUG [main] i.n.u.i.l.InternalLoggerFactory - Using SLF4J as the default logging framework
2023-12-20 17:08:59.744  DEBUG [main] i.n.c.MultithreadEventLoopGroup - -Dio.netty.eventLoopThreads: 24
2023-12-20 17:15:23.686  DEBUG [main] i.n.u.i.l.InternalLoggerFactory - Using SLF4J as the default logging framework
2023-12-20 17:15:23.693  DEBUG [main] i.n.c.MultithreadEventLoopGroup - -Dio.netty.eventLoopThreads: 24
2023-12-20 17:17:01.658  DEBUG [main] i.n.u.i.l.InternalLoggerFactory - Using SLF4J as the default logging framework
2023-12-20 17:17:01.665  DEBUG [main] i.n.c.MultithreadEventLoopGroup - -Dio.netty.eventLoopThreads: 24
